2024-09-12 12:46:48,466 - reht - INFO - Opening start page: https://www.oreht.ru/modules.php?name=orehtPriceLS
2024-09-12 12:46:48,466 - reht - INFO - Get url: https://www.oreht.ru/modules.php?name=orehtPriceLS
2024-09-12 12:46:49,884 - reht - INFO - Start page opened
2024-09-12 12:47:31,969 - reht - INFO - Performing authorization: https://www.oreht.ru/modules.php?name=orehtPriceLS
2024-09-12 12:47:32,879 - reht - INFO - Successfully authorized by login 5836680125 in domain https://www.oreht.ru/modules.php?name=orehtPriceLS
2024-09-12 12:47:33,724 - reht - INFO - Parse categories: 24 found
2024-09-12 12:47:33,724 - reht - INFO - 24 categories found:
2024-09-12 12:47:33,724 - reht - INFO - нанцпебюрекх, сбкюфмхрекх, пежхпйскърнпш
2024-09-12 12:47:33,724 - reht - INFO - леаекэ, рнбюпш дкъ нрдшую
2024-09-12 12:47:33,724 - reht - INFO - ярпнхрекэмше люрепхюкш
2024-09-12 12:47:33,725 - reht - INFO - яюднбн-нцнпндмши хмбемрюпэ
2024-09-12 12:47:33,725 - reht - INFO - кюйх, йпюяйх, йкех, цеплерхйх, пюярбнпхрекх
2024-09-12 12:47:33,725 - reht - INFO - юсдхн-бхден реумхйю, рб, мнсрасйх
2024-09-12 12:47:33,725 - reht - INFO - ашрнбюъ реумхйю
2024-09-12 12:47:33,725 - reht - INFO - щк.хмярпслемрш, аемгнхмярпслемрш
2024-09-12 12:47:33,725 - reht - INFO - щк.сярюмнбнвмше щкелемрш, ябернреумхйю
2024-09-12 12:47:33,725 - reht - INFO - ашрнбне цюгнбне нанпсднбюмхе
2024-09-12 12:47:33,725 - reht - INFO - онясдю
2024-09-12 12:47:33,725 - reht - INFO - унгъиярбеммше рнбюпш
2024-09-12 12:47:33,725 - reht - INFO - хгдекхъ хг окюярлюяяш, рнбюпш дкъ днлю
2024-09-12 12:47:33,725 - reht - INFO - ьбеимше хгдекхъ
2024-09-12 12:47:33,726 - reht - INFO - нрдекнвмше люрепхюкш
2024-09-12 12:47:33,726 - reht - INFO - лерюккхвеяйхе х лефйнлмюрмше дбепх
2024-09-12 12:47:33,726 - reht - INFO - онцнмюфмше хгдекхъ хг депебю
2024-09-12 12:47:33,726 - reht - INFO - щкейрпхвеяйхе реокше онкш
2024-09-12 12:47:33,726 - reht - INFO - яюмреумхйю
2024-09-12 12:47:33,726 - reht - INFO - гюлйх, оеркх, яйнаъмше хгдекхъ
2024-09-12 12:47:33,726 - reht - INFO - псвмни хмярпслемр
2024-09-12 12:47:33,726 - reht - INFO - йнбпш, оюкюяш, опхдбепмше йнбпхйх
2024-09-12 12:47:33,726 - reht - INFO - беьюкйх
2024-09-12 12:47:33,726 - reht - INFO - бемрхкърнпш, йнмдхжхнмепш
